<?xml version="1.0" encoding="UTF-8"?>
<!-- Generated by org.testng.reporters.JUnitReportReporter -->
<testsuite skipped="3" hostname="LAPTOP-8GUPOLII" name="testcases.ApplicationTest" tests="3" failures="0" timestamp="28 Mar 2017 08:10:29 GMT" time="0.000" errors="0">
  <testcase name="doLogin" time="0.000" classname="testcases.ApplicationTest">
    <skipped/>
  </testcase> <!-- doLogin -->
  <testcase name="doPasswordChange" time="0.000" classname="testcases.ApplicationTest">
    <skipped/>
  </testcase> <!-- doPasswordChange -->
  <testcase name="doLogout" time="0.000" classname="testcases.ApplicationTest">
    <skipped/>
  </testcase> <!-- doLogout -->
</testsuite> <!-- testcases.ApplicationTest -->
