<?xml version="1.0" encoding="UTF-8"?>
<!-- Generated by org.testng.reporters.JUnitReportReporter -->
<testsuite skipped="0" hostname="dell6" name="common_dataProviders.Testing" tests="3" failures="0" timestamp="23 Mar 2017 06:28:35 GMT" time="0.041" errors="0">
  <testcase name="loginTest" time="0.013" classname="common_dataProviders.Testing"/>
  <testcase name="loginTest" time="0.014" classname="common_dataProviders.Testing"/>
  <testcase name="loginTest" time="0.014" classname="common_dataProviders.Testing"/>
</testsuite> <!-- common_dataProviders.Testing -->
