<?xml version="1.0" encoding="UTF-8"?>
<!-- Generated by org.testng.reporters.JUnitReportReporter -->
<testsuite skipped="0" hostname="LAPTOP-8GUPOLII" name="testcases.Parametrization" tests="3" failures="0" timestamp="28 Mar 2017 08:10:29 GMT" time="0.002" errors="0">
  <testcase name="loginTest" time="0.000" classname="testcases.Parametrization"/>
  <testcase name="loginTest" time="0.001" classname="testcases.Parametrization"/>
  <testcase name="loginTest" time="0.001" classname="testcases.Parametrization"/>
</testsuite> <!-- testcases.Parametrization -->
