<?xml version="1.0" encoding="UTF-8"?>
<!-- Generated by org.testng.reporters.JUnitReportReporter -->
<testsuite skipped="0" hostname="dell6" name="common_dataProviders.ChangePasswordTest" tests="3" failures="0" timestamp="23 Mar 2017 06:36:54 GMT" time="0.052" errors="0">
  <testcase name="changePasswordTest" time="0.017" classname="common_dataProviders.ChangePasswordTest"/>
  <testcase name="changePasswordTest" time="0.018" classname="common_dataProviders.ChangePasswordTest"/>
  <testcase name="changePasswordTest" time="0.017" classname="common_dataProviders.ChangePasswordTest"/>
</testsuite> <!-- common_dataProviders.ChangePasswordTest -->
