<?xml version="1.0" encoding="UTF-8"?>
<!-- Generated by org.testng.reporters.JUnitReportReporter -->
<testsuite skipped="0" hostname="dell6" name="common_dataProviders.LoginTest" tests="3" failures="0" timestamp="23 Mar 2017 11:09:25 GMT" time="0.020" errors="0">
  <testcase name="loginTest" time="0.002" classname="common_dataProviders.LoginTest"/>
  <testcase name="loginTest" time="0.002" classname="common_dataProviders.LoginTest"/>
  <testcase name="loginTest" time="0.016" classname="common_dataProviders.LoginTest"/>
</testsuite> <!-- common_dataProviders.LoginTest -->
