<?xml version="1.0" encoding="UTF-8"?>
<!-- Generated by org.testng.reporters.JUnitReportReporter -->
<testsuite skipped="0" hostname="dell6" name="common_dataProviders.SampleTestCases" tests="8" failures="0" timestamp="23 Mar 2017 11:09:21 GMT" time="0.024" errors="0">
  <testcase name="testB" time="0.002" classname="common_dataProviders.SampleTestCases"/>
  <testcase name="testC" time="0.002" classname="common_dataProviders.SampleTestCases"/>
  <testcase name="testA" time="0.002" classname="common_dataProviders.SampleTestCases"/>
  <testcase name="testD" time="0.002" classname="common_dataProviders.SampleTestCases"/>
  <testcase name="testA" time="0.011" classname="common_dataProviders.SampleTestCases"/>
  <testcase name="testD" time="0.001" classname="common_dataProviders.SampleTestCases"/>
  <testcase name="testC" time="0.002" classname="common_dataProviders.SampleTestCases"/>
  <testcase name="testB" time="0.002" classname="common_dataProviders.SampleTestCases"/>
</testsuite> <!-- common_dataProviders.SampleTestCases -->
